[1016/160255.623:ERROR:directory_reader_win.cc(43)] FindFirstFile: The system cannot find the path specified. (0x3)
[1016/193911.503:ERROR:file_io.cc(90)] ReadExactly: expected 36, observed 0
[1019/132206.901:ERROR:directory_reader_win.cc(43)] FindFirstFile: The system cannot find the path specified. (0x3)
[1022/054834.882:ERROR:directory_reader_win.cc(43)] FindFirstFile: The system cannot find the path specified. (0x3)
[1022/133707.236:ERROR:directory_reader_win.cc(43)] FindFirstFile: The system cannot find the path specified. (0x3)
[1022/161036.099:ERROR:directory_reader_win.cc(43)] FindFirstFile: The system cannot find the path specified. (0x3)
[1023/152854.029:ERROR:directory_reader_win.cc(43)] FindFirstFile: The system cannot find the path specified. (0x3)
[1023/222724.902:ERROR:directory_reader_win.cc(43)] FindFirstFile: The system cannot find the path specified. (0x3)
[1024/121950.497:ERROR:directory_reader_win.cc(43)] FindFirstFile: The system cannot find the path specified. (0x3)
[1024/191705.699:ERROR:process_reader_win.cc(151)] SuspendThread: Access is denied. (0x5)
[1024/191705.814:ERROR:process_reader_win.cc(151)] SuspendThread: Access is denied. (0x5)
[1024/191705.814:ERROR:process_reader_win.cc(151)] SuspendThread: Access is denied. (0x5)
[1024/191705.814:ERROR:process_reader_win.cc(151)] SuspendThread: Access is denied. (0x5)
[1024/191705.814:ERROR:process_reader_win.cc(151)] SuspendThread: Access is denied. (0x5)
[1024/191705.814:ERROR:process_reader_win.cc(151)] SuspendThread: Access is denied. (0x5)
[1024/191705.814:ERROR:process_reader_win.cc(151)] SuspendThread: Access is denied. (0x5)
[1024/191705.815:ERROR:process_reader_win.cc(151)] SuspendThread: Access is denied. (0x5)
[1024/191705.815:ERROR:process_reader_win.cc(151)] SuspendThread: Access is denied. (0x5)
[1024/191705.815:ERROR:process_reader_win.cc(151)] SuspendThread: Access is denied. (0x5)
[1024/191705.815:ERROR:process_reader_win.cc(151)] SuspendThread: Access is denied. (0x5)
[1024/191705.815:ERROR:process_reader_win.cc(123)] NtOpenThread: {Access Denied} A process has requested access to an object, but has not been granted those access rights. (0xc0000022)
[1024/191706.330:ERROR:exception_snapshot_win.cc(99)] thread ID 7072 not found in process
[1024/191706.354:ERROR:process_reader_win.cc(123)] NtOpenThread: {Access Denied} A process has requested access to an object, but has not been granted those access rights. (0xc0000022)
[1024/191706.354:ERROR:exception_snapshot_win.cc(99)] thread ID 2964 not found in process
[1027/215408.755:ERROR:directory_reader_win.cc(43)] FindFirstFile: The system cannot find the path specified. (0x3)
